<?xml version="1.0" encoding="UTF-8"?>
<!-- Generated by org.testng.reporters.JUnitXMLReporter -->
<testsuite ignored="0" hostname="LAPTOP-TCT0999G" failures="0" tests="4" name="Default test" time="5.614" errors="0" timestamp="2023-01-24T22:11:07 EST">
  <testcase classname="api.test.UserTests2" name="testPostUser" time="3.574"/>
  <testcase classname="api.test.UserTests2" name="testGetUserByName" time="0.231"/>
  <testcase classname="api.test.UserTests2" name="testUpdateUserByName" time="0.387"/>
  <testcase classname="api.test.UserTests2" name="testDeleteUserByName" time="0.195"/>
</testsuite> <!-- Default test -->
