<?xml version="1.0" encoding="UTF-8"?>
<testng-results ignored="0" total="4" passed="4" failed="0" skipped="0">
  <reporter-output>
  </reporter-output>
  <suite started-at="2023-01-24T22:13:43 EST" name="PetSuite" finished-at="2023-01-24T22:13:46 EST" duration-ms="3819">
    <groups>
    </groups>
    <test started-at="2023-01-24T22:13:43 EST" name="PetTest" finished-at="2023-01-24T22:13:46 EST" duration-ms="3819">
      <class name="api.test.UserTests2">
        <test-method is-config="true" signature="setup()[pri:0, instance:api.test.UserTests2@49139829]" started-at="2023-01-24T22:13:43 EST" name="setup" finished-at="2023-01-24T22:13:44 EST" duration-ms="730" status="PASS">
          <reporter-output>
          </reporter-output>
        </test-method> <!-- setup -->
        <test-method signature="testPostUser()[pri:1, instance:api.test.UserTests2@49139829]" started-at="2023-01-24T22:13:44 EST" name="testPostUser" finished-at="2023-01-24T22:13:45 EST" duration-ms="1845" status="PASS">
          <reporter-output>
          </reporter-output>
        </test-method> <!-- testPostUser -->
        <test-method signature="testGetUserByName()[pri:2, instance:api.test.UserTests2@49139829]" started-at="2023-01-24T22:13:45 EST" name="testGetUserByName" finished-at="2023-01-24T22:13:46 EST" duration-ms="237" status="PASS">
          <reporter-output>
          </reporter-output>
        </test-method> <!-- testGetUserByName -->
        <test-method signature="testUpdateUserByName()[pri:3, instance:api.test.UserTests2@49139829]" started-at="2023-01-24T22:13:46 EST" name="testUpdateUserByName" finished-at="2023-01-24T22:13:46 EST" duration-ms="395" status="PASS">
          <reporter-output>
          </reporter-output>
        </test-method> <!-- testUpdateUserByName -->
        <test-method signature="testDeleteUserByName()[pri:4, instance:api.test.UserTests2@49139829]" started-at="2023-01-24T22:13:46 EST" name="testDeleteUserByName" finished-at="2023-01-24T22:13:46 EST" duration-ms="204" status="PASS">
          <reporter-output>
          </reporter-output>
        </test-method> <!-- testDeleteUserByName -->
      </class> <!-- api.test.UserTests2 -->
    </test> <!-- PetTest -->
  </suite> <!-- PetSuite -->
</testng-results>
