<?xml version="1.0" encoding="UTF-8"?>
<!-- Generated by org.testng.reporters.JUnitXMLReporter -->
<testsuite ignored="0" hostname="LAPTOP-TCT0999G" failures="0" tests="4" name="PetTest" time="3.819" errors="0" timestamp="2023-01-24T22:13:47 EST">
  <testcase classname="api.test.UserTests2" name="testPostUser" time="1.845"/>
  <testcase classname="api.test.UserTests2" name="testGetUserByName" time="0.237"/>
  <testcase classname="api.test.UserTests2" name="testUpdateUserByName" time="0.395"/>
  <testcase classname="api.test.UserTests2" name="testDeleteUserByName" time="0.204"/>
</testsuite> <!-- PetTest -->
